
87. Printing statistics.

=== cpu ===

   Number of wires:              25654
   Number of wire bits:          25968
   Number of public wires:       25654
   Number of public wire bits:   25968
   Number of memories:               0
   Number of memory bits:            0
   Number of processes:              0
   Number of cells:              25547
     sky130_fd_sc_hd__a2111o_2     384
     sky130_fd_sc_hd__a2111oi_2      2
     sky130_fd_sc_hd__a211o_2      279
     sky130_fd_sc_hd__a211oi_2     308
     sky130_fd_sc_hd__a21bo_2      139
     sky130_fd_sc_hd__a21boi_2      65
     sky130_fd_sc_hd__a21o_2       639
     sky130_fd_sc_hd__a21oi_2      524
     sky130_fd_sc_hd__a221o_2      274
     sky130_fd_sc_hd__a22o_2       810
     sky130_fd_sc_hd__a22oi_2      545
     sky130_fd_sc_hd__a2bb2o_2      30
     sky130_fd_sc_hd__a2bb2oi_2     28
     sky130_fd_sc_hd__a311o_2       15
     sky130_fd_sc_hd__a311oi_2       1
     sky130_fd_sc_hd__a31o_2       148
     sky130_fd_sc_hd__a31oi_2       27
     sky130_fd_sc_hd__a32o_2        21
     sky130_fd_sc_hd__a32oi_2        2
     sky130_fd_sc_hd__a41o_2         3
     sky130_fd_sc_hd__and2_2       312
     sky130_fd_sc_hd__and2b_2      273
     sky130_fd_sc_hd__and3_2      1023
     sky130_fd_sc_hd__and3b_2       83
     sky130_fd_sc_hd__and4_2       596
     sky130_fd_sc_hd__and4b_2       11
     sky130_fd_sc_hd__and4bb_2      58
     sky130_fd_sc_hd__buf_1       3645
     sky130_fd_sc_hd__buf_2         66
     sky130_fd_sc_hd__conb_1        34
     sky130_fd_sc_hd__dfrtp_2     2552
     sky130_fd_sc_hd__inv_2        509
     sky130_fd_sc_hd__mux2_2      3061
     sky130_fd_sc_hd__mux4_2        51
     sky130_fd_sc_hd__nand2_2     1238
     sky130_fd_sc_hd__nand2b_2      12
     sky130_fd_sc_hd__nand3_2      513
     sky130_fd_sc_hd__nand3b_2      15
     sky130_fd_sc_hd__nand4_2      148
     sky130_fd_sc_hd__nand4b_2       6
     sky130_fd_sc_hd__nor2_2       981
     sky130_fd_sc_hd__nor2b_2        7
     sky130_fd_sc_hd__nor3_2       152
     sky130_fd_sc_hd__nor3b_2       78
     sky130_fd_sc_hd__nor4_2        57
     sky130_fd_sc_hd__nor4b_2        2
     sky130_fd_sc_hd__o2111a_2       3
     sky130_fd_sc_hd__o2111ai_2    252
     sky130_fd_sc_hd__o211a_2      352
     sky130_fd_sc_hd__o211ai_2     231
     sky130_fd_sc_hd__o21a_2       216
     sky130_fd_sc_hd__o21ai_2      252
     sky130_fd_sc_hd__o21ba_2      390
     sky130_fd_sc_hd__o21bai_2      98
     sky130_fd_sc_hd__o221a_2       38
     sky130_fd_sc_hd__o22a_2        51
     sky130_fd_sc_hd__o22ai_2       41
     sky130_fd_sc_hd__o2bb2a_2      29
     sky130_fd_sc_hd__o311a_2        7
     sky130_fd_sc_hd__o31a_2        14
     sky130_fd_sc_hd__o31ai_2        6
     sky130_fd_sc_hd__o32a_2         6
     sky130_fd_sc_hd__or2_2        463
     sky130_fd_sc_hd__or2b_2       335
     sky130_fd_sc_hd__or3_2        648
     sky130_fd_sc_hd__or3b_2       164
     sky130_fd_sc_hd__or4_2        335
     sky130_fd_sc_hd__or4b_2       270
     sky130_fd_sc_hd__or4bb_2       48
     sky130_fd_sc_hd__xnor2_2     1386
     sky130_fd_sc_hd__xor2_2       183
     sky130_sram_2rw_32x128_32       1
     sky130_sram_2rw_64x128_64       1

   Chip area for module '\cpu': 639818.490400

