
109. Executing CHECK pass (checking for obvious problems).
Checking module cpu...
Warning: Wire cpu.\instruction_memory.web1 is used but has no driver.
Warning: Wire cpu.$auto$hilomap.cc:39:hilomap_worker$101483 is used but has no driver.
Warning: Wire cpu.$auto$hilomap.cc:47:hilomap_worker$101481 is used but has no driver.
Warning: Wire cpu.$auto$hilomap.cc:47:hilomap_worker$101479 is used but has no driver.
Warning: Wire cpu.$auto$hilomap.cc:47:hilomap_worker$101477 is used but has no driver.
Warning: Wire cpu.$auto$hilomap.cc:47:hilomap_worker$101475 is used but has no driver.
Warning: Wire cpu.$auto$hilomap.cc:47:hilomap_worker$101473 is used but has no driver.
Warning: Wire cpu.$auto$hilomap.cc:47:hilomap_worker$101471 is used but has no driver.
Warning: Wire cpu.$auto$hilomap.cc:47:hilomap_worker$101469 is used but has no driver.
Warning: Wire cpu.$auto$hilomap.cc:47:hilomap_worker$101467 is used but has no driver.
Warning: Wire cpu.$auto$hilomap.cc:47:hilomap_worker$101465 is used but has no driver.
Warning: Wire cpu.$auto$hilomap.cc:47:hilomap_worker$101463 is used but has no driver.
Warning: Wire cpu.$auto$hilomap.cc:47:hilomap_worker$101461 is used but has no driver.
Warning: Wire cpu.$auto$hilomap.cc:47:hilomap_worker$101459 is used but has no driver.
Warning: Wire cpu.$auto$hilomap.cc:47:hilomap_worker$101457 is used but has no driver.
Warning: Wire cpu.$auto$hilomap.cc:47:hilomap_worker$101455 is used but has no driver.
Warning: Wire cpu.$auto$hilomap.cc:47:hilomap_worker$101453 is used but has no driver.
Warning: Wire cpu.$auto$hilomap.cc:47:hilomap_worker$101451 is used but has no driver.
Warning: Wire cpu.$auto$hilomap.cc:47:hilomap_worker$101449 is used but has no driver.
Warning: Wire cpu.$auto$hilomap.cc:47:hilomap_worker$101447 is used but has no driver.
Warning: Wire cpu.$auto$hilomap.cc:47:hilomap_worker$101445 is used but has no driver.
Warning: Wire cpu.$auto$hilomap.cc:47:hilomap_worker$101443 is used but has no driver.
Warning: Wire cpu.$auto$hilomap.cc:47:hilomap_worker$101441 is used but has no driver.
Warning: Wire cpu.$auto$hilomap.cc:47:hilomap_worker$101439 is used but has no driver.
Warning: Wire cpu.$auto$hilomap.cc:47:hilomap_worker$101437 is used but has no driver.
Warning: Wire cpu.$auto$hilomap.cc:47:hilomap_worker$101435 is used but has no driver.
Warning: Wire cpu.$auto$hilomap.cc:47:hilomap_worker$101433 is used but has no driver.
Warning: Wire cpu.$auto$hilomap.cc:47:hilomap_worker$101431 is used but has no driver.
Warning: Wire cpu.$auto$hilomap.cc:47:hilomap_worker$101429 is used but has no driver.
Warning: Wire cpu.$auto$hilomap.cc:47:hilomap_worker$101427 is used but has no driver.
Warning: Wire cpu.$auto$hilomap.cc:47:hilomap_worker$101425 is used but has no driver.
Warning: Wire cpu.$auto$hilomap.cc:47:hilomap_worker$101423 is used but has no driver.
Warning: Wire cpu.$auto$hilomap.cc:47:hilomap_worker$101421 is used but has no driver.
Warning: Wire cpu.$auto$hilomap.cc:47:hilomap_worker$101419 is used but has no driver.
Warning: Wire cpu.\instruction_memory.csb1 is used but has no driver.
Warning: Wire cpu.$auto$hilomap.cc:47:hilomap_worker$101417 is used but has no driver.
Warning: Wire cpu.\instruction_memory.addr[8] is used but has no driver.
Warning: Wire cpu.\instruction_memory.addr[7] is used but has no driver.
Warning: Wire cpu.\instruction_memory.addr[6] is used but has no driver.
Warning: Wire cpu.\instruction_memory.addr[5] is used but has no driver.
Warning: Wire cpu.\instruction_memory.addr[4] is used but has no driver.
Warning: Wire cpu.\instruction_memory.addr[3] is used but has no driver.
Warning: Wire cpu.\instruction_memory.addr[2] is used but has no driver.
Warning: Wire cpu.\data_memory.web1 is used but has no driver.
Warning: Wire cpu.\data_memory.web0 is used but has no driver.
Warning: Wire cpu.\alu_operand_mux.input_b[63] is used but has no driver.
Warning: Wire cpu.\alu_operand_mux.input_b[62] is used but has no driver.
Warning: Wire cpu.\alu_operand_mux.input_b[61] is used but has no driver.
Warning: Wire cpu.\alu_operand_mux.input_b[60] is used but has no driver.
Warning: Wire cpu.\alu_operand_mux.input_b[59] is used but has no driver.
Warning: Wire cpu.\alu_operand_mux.input_b[58] is used but has no driver.
Warning: Wire cpu.\alu_operand_mux.input_b[57] is used but has no driver.
Warning: Wire cpu.\alu_operand_mux.input_b[56] is used but has no driver.
Warning: Wire cpu.\alu_operand_mux.input_b[55] is used but has no driver.
Warning: Wire cpu.\alu_operand_mux.input_b[54] is used but has no driver.
Warning: Wire cpu.\alu_operand_mux.input_b[53] is used but has no driver.
Warning: Wire cpu.\alu_operand_mux.input_b[52] is used but has no driver.
Warning: Wire cpu.\alu_operand_mux.input_b[51] is used but has no driver.
Warning: Wire cpu.\alu_operand_mux.input_b[50] is used but has no driver.
Warning: Wire cpu.\alu_operand_mux.input_b[49] is used but has no driver.
Warning: Wire cpu.\alu_operand_mux.input_b[48] is used but has no driver.
Warning: Wire cpu.\alu_operand_mux.input_b[47] is used but has no driver.
Warning: Wire cpu.\alu_operand_mux.input_b[46] is used but has no driver.
Warning: Wire cpu.\alu_operand_mux.input_b[45] is used but has no driver.
Warning: Wire cpu.\alu_operand_mux.input_b[44] is used but has no driver.
Warning: Wire cpu.\alu_operand_mux.input_b[43] is used but has no driver.
Warning: Wire cpu.\alu_operand_mux.input_b[42] is used but has no driver.
Warning: Wire cpu.\alu_operand_mux.input_b[41] is used but has no driver.
Warning: Wire cpu.\alu_operand_mux.input_b[40] is used but has no driver.
Warning: Wire cpu.\alu_operand_mux.input_b[39] is used but has no driver.
Warning: Wire cpu.\alu_operand_mux.input_b[38] is used but has no driver.
Warning: Wire cpu.\alu_operand_mux.input_b[37] is used but has no driver.
Warning: Wire cpu.\alu_operand_mux.input_b[36] is used but has no driver.
Warning: Wire cpu.\alu_operand_mux.input_b[35] is used but has no driver.
Warning: Wire cpu.\alu_operand_mux.input_b[34] is used but has no driver.
Warning: Wire cpu.\alu_operand_mux.input_b[33] is used but has no driver.
Warning: Wire cpu.\alu_operand_mux.input_b[32] is used but has no driver.
Warning: Wire cpu.\alu_operand_mux.input_b[31] is used but has no driver.
Warning: Wire cpu.\alu_operand_mux.input_b[30] is used but has no driver.
Warning: Wire cpu.\alu_operand_mux.input_b[29] is used but has no driver.
Warning: Wire cpu.\alu_operand_mux.input_b[28] is used but has no driver.
Warning: Wire cpu.\alu_operand_mux.input_b[27] is used but has no driver.
Warning: Wire cpu.\alu_operand_mux.input_b[26] is used but has no driver.
Warning: Wire cpu.\alu_operand_mux.input_b[25] is used but has no driver.
Warning: Wire cpu.\alu_operand_mux.input_b[24] is used but has no driver.
Warning: Wire cpu.\alu_operand_mux.input_b[23] is used but has no driver.
Warning: Wire cpu.\alu_operand_mux.input_b[22] is used but has no driver.
Warning: Wire cpu.\alu_operand_mux.input_b[21] is used but has no driver.
Warning: Wire cpu.\alu_operand_mux.input_b[20] is used but has no driver.
Warning: Wire cpu.\alu_operand_mux.input_b[19] is used but has no driver.
Warning: Wire cpu.\alu_operand_mux.input_b[18] is used but has no driver.
Warning: Wire cpu.\alu_operand_mux.input_b[17] is used but has no driver.
Warning: Wire cpu.\alu_operand_mux.input_b[16] is used but has no driver.
Warning: Wire cpu.\alu_operand_mux.input_b[15] is used but has no driver.
Warning: Wire cpu.\alu_operand_mux.input_b[14] is used but has no driver.
Warning: Wire cpu.\alu_operand_mux.input_b[13] is used but has no driver.
Warning: Wire cpu.\alu_operand_mux.input_b[12] is used but has no driver.
Warning: Wire cpu.\alu_operand_mux.input_b[11] is used but has no driver.
Warning: Wire cpu.\alu_operand_mux.input_b[10] is used but has no driver.
Warning: Wire cpu.\alu_operand_mux.input_b[9] is used but has no driver.
Warning: Wire cpu.\alu_operand_mux.input_b[8] is used but has no driver.
Warning: Wire cpu.\alu_operand_mux.input_b[7] is used but has no driver.
Warning: Wire cpu.\alu_operand_mux.input_b[6] is used but has no driver.
Warning: Wire cpu.\alu_operand_mux.input_b[5] is used but has no driver.
Warning: Wire cpu.\alu_operand_mux.input_b[4] is used but has no driver.
Warning: Wire cpu.\alu_operand_mux.input_b[3] is used but has no driver.
Warning: Wire cpu.\alu_operand_mux.input_b[2] is used but has no driver.
Warning: Wire cpu.\alu_operand_mux.input_b[1] is used but has no driver.
Warning: Wire cpu.\alu_operand_mux.input_b[0] is used but has no driver.
Warning: Wire cpu.\data_memory.csb1 is used but has no driver.
Warning: Wire cpu.\data_memory.csb0 is used but has no driver.
Warning: Wire cpu.$abc$23067$flatten\data_memory.$indirect$\clk0$../Verilog/RTL_SOLUTION1_simple_program_and_MULT1/sram.v:164$363 is used but has no driver.
Warning: Wire cpu.\alu.alu_out[9] is used but has no driver.
Warning: Wire cpu.\alu.alu_out[8] is used but has no driver.
Warning: Wire cpu.\alu.alu_out[7] is used but has no driver.
Warning: Wire cpu.\alu.alu_out[6] is used but has no driver.
Warning: Wire cpu.\alu.alu_out[5] is used but has no driver.
Warning: Wire cpu.\alu.alu_out[4] is used but has no driver.
Warning: Wire cpu.\alu.alu_out[3] is used but has no driver.
Found and reported 119 problems.
