
101. Printing statistics.

=== cpu ===

   Number of wires:              14563
   Number of wire bits:          14877
   Number of public wires:        2179
   Number of public wire bits:    2493
   Number of memories:               0
   Number of memory bits:            0
   Number of processes:              0
   Number of cells:              14456
     sky130_fd_sc_hd__a2111o_2       7
     sky130_fd_sc_hd__a2111oi_2     17
     sky130_fd_sc_hd__a211o_2       66
     sky130_fd_sc_hd__a211oi_2      51
     sky130_fd_sc_hd__a21bo_2        6
     sky130_fd_sc_hd__a21boi_2      15
     sky130_fd_sc_hd__a21o_2        67
     sky130_fd_sc_hd__a21oi_2      275
     sky130_fd_sc_hd__a221o_2       72
     sky130_fd_sc_hd__a221oi_2     303
     sky130_fd_sc_hd__a22o_2        39
     sky130_fd_sc_hd__a22oi_2      213
     sky130_fd_sc_hd__a2bb2o_2      32
     sky130_fd_sc_hd__a2bb2oi_2     13
     sky130_fd_sc_hd__a311o_2       37
     sky130_fd_sc_hd__a311oi_2      12
     sky130_fd_sc_hd__a31o_2       135
     sky130_fd_sc_hd__a31oi_2       55
     sky130_fd_sc_hd__a32o_2       467
     sky130_fd_sc_hd__a32oi_2      182
     sky130_fd_sc_hd__a41o_2        30
     sky130_fd_sc_hd__a41oi_2       87
     sky130_fd_sc_hd__and2_2        30
     sky130_fd_sc_hd__and2b_2        9
     sky130_fd_sc_hd__and3_2       226
     sky130_fd_sc_hd__and3b_2        7
     sky130_fd_sc_hd__and4_2       130
     sky130_fd_sc_hd__and4b_2       22
     sky130_fd_sc_hd__and4bb_2      13
     sky130_fd_sc_hd__buf_1       2644
     sky130_fd_sc_hd__buf_2         18
     sky130_fd_sc_hd__conb_1        34
     sky130_fd_sc_hd__dfrtp_2     1993
     sky130_fd_sc_hd__inv_2        364
     sky130_fd_sc_hd__mux2_2      2045
     sky130_fd_sc_hd__nand2_2      593
     sky130_fd_sc_hd__nand2b_2       1
     sky130_fd_sc_hd__nand3_2      244
     sky130_fd_sc_hd__nand3b_2      67
     sky130_fd_sc_hd__nand4_2     1253
     sky130_fd_sc_hd__nand4b_2     101
     sky130_fd_sc_hd__nor2_2       251
     sky130_fd_sc_hd__nor2b_2        1
     sky130_fd_sc_hd__nor3_2       101
     sky130_fd_sc_hd__nor3b_2       18
     sky130_fd_sc_hd__nor4_2        45
     sky130_fd_sc_hd__nor4b_2        5
     sky130_fd_sc_hd__o2111a_2     175
     sky130_fd_sc_hd__o2111ai_2    128
     sky130_fd_sc_hd__o211a_2      124
     sky130_fd_sc_hd__o211ai_2     250
     sky130_fd_sc_hd__o21a_2        48
     sky130_fd_sc_hd__o21ai_2      427
     sky130_fd_sc_hd__o21ba_2        6
     sky130_fd_sc_hd__o21bai_2      40
     sky130_fd_sc_hd__o221a_2       59
     sky130_fd_sc_hd__o221ai_2      79
     sky130_fd_sc_hd__o22a_2        26
     sky130_fd_sc_hd__o22ai_2       50
     sky130_fd_sc_hd__o2bb2a_2      35
     sky130_fd_sc_hd__o2bb2ai_2     49
     sky130_fd_sc_hd__o311a_2       87
     sky130_fd_sc_hd__o311ai_2      35
     sky130_fd_sc_hd__o31a_2        79
     sky130_fd_sc_hd__o31ai_2       33
     sky130_fd_sc_hd__o32a_2         8
     sky130_fd_sc_hd__o32ai_2        2
     sky130_fd_sc_hd__o41a_2         3
     sky130_fd_sc_hd__o41ai_2        1
     sky130_fd_sc_hd__or2_2         44
     sky130_fd_sc_hd__or2b_2        13
     sky130_fd_sc_hd__or3_2         43
     sky130_fd_sc_hd__or3b_2        34
     sky130_fd_sc_hd__or4_2         68
     sky130_fd_sc_hd__or4b_2        78
     sky130_fd_sc_hd__or4bb_2        4
     sky130_fd_sc_hd__xnor2_2       21
     sky130_fd_sc_hd__xor2_2         9
     sky130_sram_2rw_32x128_32       1
     sky130_sram_2rw_64x128_64       1

   Chip area for module '\cpu': 533845.604000

