
110. Printing statistics.

=== cpu ===

   Number of wires:              13791
   Number of wire bits:          14105
   Number of public wires:        2179
   Number of public wire bits:    2493
   Number of memories:               0
   Number of memory bits:            0
   Number of processes:              0
   Number of cells:              13684
     sky130_fd_sc_hd__a2111o_2     474
     sky130_fd_sc_hd__a2111oi_2     29
     sky130_fd_sc_hd__a211o_2      110
     sky130_fd_sc_hd__a211oi_2      18
     sky130_fd_sc_hd__a211oi_4       1
     sky130_fd_sc_hd__a21bo_2       15
     sky130_fd_sc_hd__a21boi_2       5
     sky130_fd_sc_hd__a21o_2       144
     sky130_fd_sc_hd__a21oi_2      154
     sky130_fd_sc_hd__a221o_2      263
     sky130_fd_sc_hd__a221oi_2      21
     sky130_fd_sc_hd__a22o_2       564
     sky130_fd_sc_hd__a22o_4         1
     sky130_fd_sc_hd__a22oi_2        4
     sky130_fd_sc_hd__a2bb2o_2      22
     sky130_fd_sc_hd__a2bb2o_4       1
     sky130_fd_sc_hd__a2bb2oi_2      1
     sky130_fd_sc_hd__a311o_2       33
     sky130_fd_sc_hd__a311oi_2       8
     sky130_fd_sc_hd__a31o_2       107
     sky130_fd_sc_hd__a31oi_2       15
     sky130_fd_sc_hd__a32o_2       128
     sky130_fd_sc_hd__a32oi_2        2
     sky130_fd_sc_hd__a41o_2        20
     sky130_fd_sc_hd__a41oi_2        1
     sky130_fd_sc_hd__and2_2       172
     sky130_fd_sc_hd__and2_4         1
     sky130_fd_sc_hd__and2b_2       33
     sky130_fd_sc_hd__and3_2      1706
     sky130_fd_sc_hd__and3_4         2
     sky130_fd_sc_hd__and3b_2       89
     sky130_fd_sc_hd__and4_2        41
     sky130_fd_sc_hd__and4b_2       12
     sky130_fd_sc_hd__and4bb_2      21
     sky130_fd_sc_hd__buf_1       2328
     sky130_fd_sc_hd__buf_2        161
     sky130_fd_sc_hd__buf_4         30
     sky130_fd_sc_hd__buf_6         26
     sky130_fd_sc_hd__conb_1        34
     sky130_fd_sc_hd__dfrtp_2     1993
     sky130_fd_sc_hd__inv_2        134
     sky130_fd_sc_hd__mux2_2      2428
     sky130_fd_sc_hd__mux4_2        21
     sky130_fd_sc_hd__nand2_2      280
     sky130_fd_sc_hd__nand3_2       17
     sky130_fd_sc_hd__nand3b_2       6
     sky130_fd_sc_hd__nand4_2       12
     sky130_fd_sc_hd__nand4b_2       1
     sky130_fd_sc_hd__nand4bb_2      1
     sky130_fd_sc_hd__nor2_2       295
     sky130_fd_sc_hd__nor2b_2        4
     sky130_fd_sc_hd__nor3_2        58
     sky130_fd_sc_hd__nor3b_2       21
     sky130_fd_sc_hd__nor4_2        48
     sky130_fd_sc_hd__nor4_4         3
     sky130_fd_sc_hd__nor4b_2        8
     sky130_fd_sc_hd__o2111a_2       8
     sky130_fd_sc_hd__o2111ai_2      7
     sky130_fd_sc_hd__o211a_2       96
     sky130_fd_sc_hd__o211ai_2      22
     sky130_fd_sc_hd__o21a_2       116
     sky130_fd_sc_hd__o21ai_2       94
     sky130_fd_sc_hd__o21ai_4        2
     sky130_fd_sc_hd__o21ba_2       13
     sky130_fd_sc_hd__o21bai_2       1
     sky130_fd_sc_hd__o221a_2       56
     sky130_fd_sc_hd__o221ai_2      10
     sky130_fd_sc_hd__o22a_2        40
     sky130_fd_sc_hd__o22ai_2        2
     sky130_fd_sc_hd__o2bb2a_2      30
     sky130_fd_sc_hd__o2bb2ai_2      3
     sky130_fd_sc_hd__o311a_2       20
     sky130_fd_sc_hd__o311ai_2       1
     sky130_fd_sc_hd__o31a_2        53
     sky130_fd_sc_hd__o31ai_2       12
     sky130_fd_sc_hd__o31ai_4        3
     sky130_fd_sc_hd__o32a_2        26
     sky130_fd_sc_hd__o32ai_2        5
     sky130_fd_sc_hd__o41a_2        14
     sky130_fd_sc_hd__o41ai_2        2
     sky130_fd_sc_hd__o41ai_4        2
     sky130_fd_sc_hd__or2_2        167
     sky130_fd_sc_hd__or2b_2        15
     sky130_fd_sc_hd__or3_2        231
     sky130_fd_sc_hd__or3_4          7
     sky130_fd_sc_hd__or3b_2        51
     sky130_fd_sc_hd__or3b_4         1
     sky130_fd_sc_hd__or4_2        231
     sky130_fd_sc_hd__or4_4         21
     sky130_fd_sc_hd__or4b_2        19
     sky130_fd_sc_hd__or4b_4         6
     sky130_fd_sc_hd__or4bb_2       11
     sky130_fd_sc_hd__xnor2_2      122
     sky130_fd_sc_hd__xor2_2        35
     sky130_sram_2rw_32x128_32       1
     sky130_sram_2rw_64x128_64       1

   Chip area for module '\cpu': 517591.264800

