
146. Printing statistics.

=== cpu ===

   Number of wires:              16558
   Number of wire bits:          16872
   Number of public wires:        2179
   Number of public wire bits:    2493
   Number of memories:               0
   Number of memory bits:            0
   Number of processes:              0
   Number of cells:              16451
     sky130_fd_sc_hd__a2111o_2       1
     sky130_fd_sc_hd__a211o_2       29
     sky130_fd_sc_hd__a211oi_2      19
     sky130_fd_sc_hd__a21bo_2        4
     sky130_fd_sc_hd__a21boi_2       6
     sky130_fd_sc_hd__a21o_2        51
     sky130_fd_sc_hd__a21oi_2      160
     sky130_fd_sc_hd__a21oi_4        1
     sky130_fd_sc_hd__a221o_2       38
     sky130_fd_sc_hd__a221oi_2     146
     sky130_fd_sc_hd__a22o_2       247
     sky130_fd_sc_hd__a22oi_2       27
     sky130_fd_sc_hd__a2bb2o_2      61
     sky130_fd_sc_hd__a31o_2        84
     sky130_fd_sc_hd__a31oi_2        8
     sky130_fd_sc_hd__a32oi_2        1
     sky130_fd_sc_hd__a41o_2         1
     sky130_fd_sc_hd__and2_2        79
     sky130_fd_sc_hd__and2_4         1
     sky130_fd_sc_hd__and2b_2       17
     sky130_fd_sc_hd__and3_2       131
     sky130_fd_sc_hd__and3_4         1
     sky130_fd_sc_hd__and3b_2       12
     sky130_fd_sc_hd__and4_2        30
     sky130_fd_sc_hd__and4b_2        7
     sky130_fd_sc_hd__buf_1       1369
     sky130_fd_sc_hd__buf_12         5
     sky130_fd_sc_hd__buf_2        460
     sky130_fd_sc_hd__buf_4         96
     sky130_fd_sc_hd__buf_6         93
     sky130_fd_sc_hd__buf_8         26
     sky130_fd_sc_hd__bufbuf_8       5
     sky130_fd_sc_hd__conb_1        34
     sky130_fd_sc_hd__dfrtp_2     1993
     sky130_fd_sc_hd__inv_12         1
     sky130_fd_sc_hd__inv_2       1118
     sky130_fd_sc_hd__inv_4         23
     sky130_fd_sc_hd__inv_6          3
     sky130_fd_sc_hd__inv_8         11
     sky130_fd_sc_hd__mux2_2      1669
     sky130_fd_sc_hd__mux2_4         1
     sky130_fd_sc_hd__nand2_2     3829
     sky130_fd_sc_hd__nand2_4       48
     sky130_fd_sc_hd__nand2_8        6
     sky130_fd_sc_hd__nand2b_2       7
     sky130_fd_sc_hd__nand3_2     1692
     sky130_fd_sc_hd__nand3_4        4
     sky130_fd_sc_hd__nand3b_2      60
     sky130_fd_sc_hd__nor2_2      1129
     sky130_fd_sc_hd__nor2_4        22
     sky130_fd_sc_hd__nor2_8        11
     sky130_fd_sc_hd__nor3_2        35
     sky130_fd_sc_hd__nor3b_2        6
     sky130_fd_sc_hd__o2111a_2      47
     sky130_fd_sc_hd__o2111ai_2     21
     sky130_fd_sc_hd__o211a_2       21
     sky130_fd_sc_hd__o211ai_2      40
     sky130_fd_sc_hd__o21a_2        43
     sky130_fd_sc_hd__o21ai_2      971
     sky130_fd_sc_hd__o21ai_4        2
     sky130_fd_sc_hd__o21ba_2        1
     sky130_fd_sc_hd__o21bai_2       6
     sky130_fd_sc_hd__o221a_2       44
     sky130_fd_sc_hd__o221ai_2       8
     sky130_fd_sc_hd__o22a_2        43
     sky130_fd_sc_hd__o22ai_2       71
     sky130_fd_sc_hd__o2bb2a_2      27
     sky130_fd_sc_hd__o2bb2ai_2      4
     sky130_fd_sc_hd__o31ai_2        2
     sky130_fd_sc_hd__or2_2        125
     sky130_fd_sc_hd__or2_4          5
     sky130_fd_sc_hd__or2b_2        22
     sky130_fd_sc_hd__or3_2         11
     sky130_fd_sc_hd__or3b_2         1
     sky130_fd_sc_hd__xnor2_2        3
     sky130_fd_sc_hd__xor2_2        13
     sky130_sram_2rw_32x128_32       1
     sky130_sram_2rw_64x128_64       1

   Chip area for module '\cpu': 528404.135200

