
92. Printing statistics.

=== cpu ===

   Number of wires:              15114
   Number of wire bits:          15428
   Number of public wires:        2179
   Number of public wire bits:    2493
   Number of memories:               0
   Number of memory bits:            0
   Number of processes:              0
   Number of cells:              15007
     sky130_fd_sc_hd__a2111o_2      17
     sky130_fd_sc_hd__a2111oi_2     25
     sky130_fd_sc_hd__a211o_2       66
     sky130_fd_sc_hd__a211oi_2      41
     sky130_fd_sc_hd__a21bo_2       32
     sky130_fd_sc_hd__a21boi_2      14
     sky130_fd_sc_hd__a21o_2       106
     sky130_fd_sc_hd__a21oi_2      220
     sky130_fd_sc_hd__a221o_2      190
     sky130_fd_sc_hd__a221oi_2     199
     sky130_fd_sc_hd__a22o_2       129
     sky130_fd_sc_hd__a22oi_2      187
     sky130_fd_sc_hd__a2bb2o_2      65
     sky130_fd_sc_hd__a2bb2oi_2     12
     sky130_fd_sc_hd__a311o_2       24
     sky130_fd_sc_hd__a311oi_2      11
     sky130_fd_sc_hd__a31o_2       299
     sky130_fd_sc_hd__a31oi_2       84
     sky130_fd_sc_hd__a32o_2       420
     sky130_fd_sc_hd__a32oi_2       94
     sky130_fd_sc_hd__a41o_2        12
     sky130_fd_sc_hd__a41oi_2        8
     sky130_fd_sc_hd__and2_2        55
     sky130_fd_sc_hd__and2b_2       13
     sky130_fd_sc_hd__and3_2       238
     sky130_fd_sc_hd__and3b_2        9
     sky130_fd_sc_hd__and4_2       130
     sky130_fd_sc_hd__and4b_2       29
     sky130_fd_sc_hd__and4bb_2      15
     sky130_fd_sc_hd__buf_1       2422
     sky130_fd_sc_hd__buf_2         25
     sky130_fd_sc_hd__conb_1        34
     sky130_fd_sc_hd__dfrtp_2     1993
     sky130_fd_sc_hd__inv_2        359
     sky130_fd_sc_hd__mux2_2      1700
     sky130_fd_sc_hd__nand2_2      745
     sky130_fd_sc_hd__nand2b_2       5
     sky130_fd_sc_hd__nand3_2      494
     sky130_fd_sc_hd__nand3b_2      82
     sky130_fd_sc_hd__nand4_2     1446
     sky130_fd_sc_hd__nand4b_2      76
     sky130_fd_sc_hd__nor2_2       297
     sky130_fd_sc_hd__nor2b_2        2
     sky130_fd_sc_hd__nor3_2       125
     sky130_fd_sc_hd__nor3b_2       16
     sky130_fd_sc_hd__nor4_2        55
     sky130_fd_sc_hd__nor4b_2        8
     sky130_fd_sc_hd__o2111a_2     198
     sky130_fd_sc_hd__o2111ai_2    137
     sky130_fd_sc_hd__o211a_2       82
     sky130_fd_sc_hd__o211ai_2     365
     sky130_fd_sc_hd__o21a_2        68
     sky130_fd_sc_hd__o21ai_2      418
     sky130_fd_sc_hd__o21ba_2        7
     sky130_fd_sc_hd__o21bai_2      37
     sky130_fd_sc_hd__o221a_2       21
     sky130_fd_sc_hd__o221ai_2      48
     sky130_fd_sc_hd__o22a_2        28
     sky130_fd_sc_hd__o22ai_2       70
     sky130_fd_sc_hd__o2bb2a_2      31
     sky130_fd_sc_hd__o2bb2ai_2     30
     sky130_fd_sc_hd__o311a_2       65
     sky130_fd_sc_hd__o311ai_2       9
     sky130_fd_sc_hd__o31a_2       220
     sky130_fd_sc_hd__o31ai_2       41
     sky130_fd_sc_hd__o32a_2        21
     sky130_fd_sc_hd__o32ai_2        4
     sky130_fd_sc_hd__o41a_2       117
     sky130_fd_sc_hd__o41ai_2        1
     sky130_fd_sc_hd__or2_2         33
     sky130_fd_sc_hd__or2b_2        13
     sky130_fd_sc_hd__or3_2         89
     sky130_fd_sc_hd__or3b_2        14
     sky130_fd_sc_hd__or4_2         87
     sky130_fd_sc_hd__or4b_2        58
     sky130_fd_sc_hd__or4bb_2        8
     sky130_fd_sc_hd__xnor2_2       21
     sky130_fd_sc_hd__xor2_2        36
     sky130_sram_2rw_32x128_32       1
     sky130_sram_2rw_64x128_64       1

   Chip area for module '\cpu': 538640.202400

