
82. Executing CHECK pass (checking for obvious problems).
Checking module cpu...
Warning: Wire cpu.\instruction_memory.web1 is used but has no driver.
Warning: Wire cpu.$auto$hilomap.cc:39:hilomap_worker$64216 is used but has no driver.
Warning: Wire cpu.$auto$hilomap.cc:47:hilomap_worker$64214 is used but has no driver.
Warning: Wire cpu.$auto$hilomap.cc:47:hilomap_worker$64212 is used but has no driver.
Warning: Wire cpu.$auto$hilomap.cc:47:hilomap_worker$64210 is used but has no driver.
Warning: Wire cpu.$auto$hilomap.cc:47:hilomap_worker$64208 is used but has no driver.
Warning: Wire cpu.$auto$hilomap.cc:47:hilomap_worker$64206 is used but has no driver.
Warning: Wire cpu.$auto$hilomap.cc:47:hilomap_worker$64204 is used but has no driver.
Warning: Wire cpu.$auto$hilomap.cc:47:hilomap_worker$64202 is used but has no driver.
Warning: Wire cpu.$auto$hilomap.cc:47:hilomap_worker$64200 is used but has no driver.
Warning: Wire cpu.$auto$hilomap.cc:47:hilomap_worker$64198 is used but has no driver.
Warning: Wire cpu.$auto$hilomap.cc:47:hilomap_worker$64196 is used but has no driver.
Warning: Wire cpu.$auto$hilomap.cc:47:hilomap_worker$64194 is used but has no driver.
Warning: Wire cpu.$auto$hilomap.cc:47:hilomap_worker$64192 is used but has no driver.
Warning: Wire cpu.$auto$hilomap.cc:47:hilomap_worker$64190 is used but has no driver.
Warning: Wire cpu.$auto$hilomap.cc:47:hilomap_worker$64188 is used but has no driver.
Warning: Wire cpu.$auto$hilomap.cc:47:hilomap_worker$64186 is used but has no driver.
Warning: Wire cpu.$auto$hilomap.cc:47:hilomap_worker$64184 is used but has no driver.
Warning: Wire cpu.$auto$hilomap.cc:47:hilomap_worker$64182 is used but has no driver.
Warning: Wire cpu.$auto$hilomap.cc:47:hilomap_worker$64180 is used but has no driver.
Warning: Wire cpu.$auto$hilomap.cc:47:hilomap_worker$64178 is used but has no driver.
Warning: Wire cpu.$auto$hilomap.cc:47:hilomap_worker$64176 is used but has no driver.
Warning: Wire cpu.$auto$hilomap.cc:47:hilomap_worker$64174 is used but has no driver.
Warning: Wire cpu.$auto$hilomap.cc:47:hilomap_worker$64172 is used but has no driver.
Warning: Wire cpu.$auto$hilomap.cc:47:hilomap_worker$64170 is used but has no driver.
Warning: Wire cpu.$auto$hilomap.cc:47:hilomap_worker$64168 is used but has no driver.
Warning: Wire cpu.$auto$hilomap.cc:47:hilomap_worker$64166 is used but has no driver.
Warning: Wire cpu.$auto$hilomap.cc:47:hilomap_worker$64164 is used but has no driver.
Warning: Wire cpu.$auto$hilomap.cc:47:hilomap_worker$64162 is used but has no driver.
Warning: Wire cpu.$auto$hilomap.cc:47:hilomap_worker$64160 is used but has no driver.
Warning: Wire cpu.$auto$hilomap.cc:47:hilomap_worker$64158 is used but has no driver.
Warning: Wire cpu.$auto$hilomap.cc:47:hilomap_worker$64156 is used but has no driver.
Warning: Wire cpu.$auto$hilomap.cc:47:hilomap_worker$64154 is used but has no driver.
Warning: Wire cpu.$auto$hilomap.cc:47:hilomap_worker$64152 is used but has no driver.
Warning: Wire cpu.\instruction_memory.csb1 is used but has no driver.
Warning: Wire cpu.$auto$hilomap.cc:47:hilomap_worker$64150 is used but has no driver.
Warning: Wire cpu.\instruction_memory.addr[8] is used but has no driver.
Warning: Wire cpu.\instruction_memory.addr[7] is used but has no driver.
Warning: Wire cpu.\instruction_memory.addr[6] is used but has no driver.
Warning: Wire cpu.\instruction_memory.addr[5] is used but has no driver.
Warning: Wire cpu.\instruction_memory.addr[4] is used but has no driver.
Warning: Wire cpu.\instruction_memory.addr[3] is used but has no driver.
Warning: Wire cpu.\instruction_memory.addr[2] is used but has no driver.
Warning: Wire cpu.\data_memory.web1 is used but has no driver.
Warning: Wire cpu.\data_memory.web0 is used but has no driver.
Warning: Wire cpu.\alu_operand_mux.input_b[63] is used but has no driver.
Warning: Wire cpu.\alu_operand_mux.input_b[62] is used but has no driver.
Warning: Wire cpu.\alu_operand_mux.input_b[61] is used but has no driver.
Warning: Wire cpu.\alu_operand_mux.input_b[60] is used but has no driver.
Warning: Wire cpu.\alu_operand_mux.input_b[59] is used but has no driver.
Warning: Wire cpu.\alu_operand_mux.input_b[58] is used but has no driver.
Warning: Wire cpu.\alu_operand_mux.input_b[57] is used but has no driver.
Warning: Wire cpu.\alu_operand_mux.input_b[56] is used but has no driver.
Warning: Wire cpu.\alu_operand_mux.input_b[55] is used but has no driver.
Warning: Wire cpu.\alu_operand_mux.input_b[54] is used but has no driver.
Warning: Wire cpu.\alu_operand_mux.input_b[53] is used but has no driver.
Warning: Wire cpu.\alu_operand_mux.input_b[52] is used but has no driver.
Warning: Wire cpu.\alu_operand_mux.input_b[51] is used but has no driver.
Warning: Wire cpu.\alu_operand_mux.input_b[50] is used but has no driver.
Warning: Wire cpu.\alu_operand_mux.input_b[49] is used but has no driver.
Warning: Wire cpu.\alu_operand_mux.input_b[48] is used but has no driver.
Warning: Wire cpu.\alu_operand_mux.input_b[47] is used but has no driver.
Warning: Wire cpu.\alu_operand_mux.input_b[46] is used but has no driver.
Warning: Wire cpu.\alu_operand_mux.input_b[45] is used but has no driver.
Warning: Wire cpu.\alu_operand_mux.input_b[44] is used but has no driver.
Warning: Wire cpu.\alu_operand_mux.input_b[43] is used but has no driver.
Warning: Wire cpu.\alu_operand_mux.input_b[42] is used but has no driver.
Warning: Wire cpu.\alu_operand_mux.input_b[41] is used but has no driver.
Warning: Wire cpu.\alu_operand_mux.input_b[40] is used but has no driver.
Warning: Wire cpu.\alu_operand_mux.input_b[39] is used but has no driver.
Warning: Wire cpu.\alu_operand_mux.input_b[38] is used but has no driver.
Warning: Wire cpu.\alu_operand_mux.input_b[37] is used but has no driver.
Warning: Wire cpu.\alu_operand_mux.input_b[36] is used but has no driver.
Warning: Wire cpu.\alu_operand_mux.input_b[35] is used but has no driver.
Warning: Wire cpu.\alu_operand_mux.input_b[34] is used but has no driver.
Warning: Wire cpu.\alu_operand_mux.input_b[33] is used but has no driver.
Warning: Wire cpu.\alu_operand_mux.input_b[32] is used but has no driver.
Warning: Wire cpu.\alu_operand_mux.input_b[31] is used but has no driver.
Warning: Wire cpu.\alu_operand_mux.input_b[30] is used but has no driver.
Warning: Wire cpu.\alu_operand_mux.input_b[29] is used but has no driver.
Warning: Wire cpu.\alu_operand_mux.input_b[28] is used but has no driver.
Warning: Wire cpu.\alu_operand_mux.input_b[27] is used but has no driver.
Warning: Wire cpu.\alu_operand_mux.input_b[26] is used but has no driver.
Warning: Wire cpu.\alu_operand_mux.input_b[25] is used but has no driver.
Warning: Wire cpu.\alu_operand_mux.input_b[24] is used but has no driver.
Warning: Wire cpu.\alu_operand_mux.input_b[23] is used but has no driver.
Warning: Wire cpu.\alu_operand_mux.input_b[22] is used but has no driver.
Warning: Wire cpu.\alu_operand_mux.input_b[21] is used but has no driver.
Warning: Wire cpu.\alu_operand_mux.input_b[20] is used but has no driver.
Warning: Wire cpu.\alu_operand_mux.input_b[19] is used but has no driver.
Warning: Wire cpu.\alu_operand_mux.input_b[18] is used but has no driver.
Warning: Wire cpu.\alu_operand_mux.input_b[17] is used but has no driver.
Warning: Wire cpu.\alu_operand_mux.input_b[16] is used but has no driver.
Warning: Wire cpu.\alu_operand_mux.input_b[15] is used but has no driver.
Warning: Wire cpu.\alu_operand_mux.input_b[14] is used but has no driver.
Warning: Wire cpu.\alu_operand_mux.input_b[13] is used but has no driver.
Warning: Wire cpu.\alu_operand_mux.input_b[12] is used but has no driver.
Warning: Wire cpu.\alu_operand_mux.input_b[11] is used but has no driver.
Warning: Wire cpu.\alu_operand_mux.input_b[10] is used but has no driver.
Warning: Wire cpu.\alu_operand_mux.input_b[9] is used but has no driver.
Warning: Wire cpu.\alu_operand_mux.input_b[8] is used but has no driver.
Warning: Wire cpu.\alu_operand_mux.input_b[7] is used but has no driver.
Warning: Wire cpu.\alu_operand_mux.input_b[6] is used but has no driver.
Warning: Wire cpu.\alu_operand_mux.input_b[5] is used but has no driver.
Warning: Wire cpu.\alu_operand_mux.input_b[4] is used but has no driver.
Warning: Wire cpu.\alu_operand_mux.input_b[3] is used but has no driver.
Warning: Wire cpu.\alu_operand_mux.input_b[2] is used but has no driver.
Warning: Wire cpu.\alu_operand_mux.input_b[1] is used but has no driver.
Warning: Wire cpu.\alu_operand_mux.input_b[0] is used but has no driver.
Warning: Wire cpu.\data_memory.csb1 is used but has no driver.
Warning: Wire cpu.\data_memory.csb0 is used but has no driver.
Warning: Wire cpu.$abc$23067$flatten\data_memory.$indirect$\clk0$../Verilog/RTL_SOLUTION1_simple_program_and_MULT1/sram.v:164$363 is used but has no driver.
Warning: Wire cpu.\alu.alu_out[9] is used but has no driver.
Warning: Wire cpu.\alu.alu_out[8] is used but has no driver.
Warning: Wire cpu.\alu.alu_out[7] is used but has no driver.
Warning: Wire cpu.\alu.alu_out[6] is used but has no driver.
Warning: Wire cpu.\alu.alu_out[5] is used but has no driver.
Warning: Wire cpu.\alu.alu_out[4] is used but has no driver.
Warning: Wire cpu.\alu.alu_out[3] is used but has no driver.
Found and reported 119 problems.
