
137. Printing statistics.

=== cpu ===

   Number of wires:              12049
   Number of wire bits:          12363
   Number of public wires:        2179
   Number of public wire bits:    2493
   Number of memories:               0
   Number of memory bits:            0
   Number of processes:              0
   Number of cells:              11942
     sky130_fd_sc_hd__a2111o_2     260
     sky130_fd_sc_hd__a2111oi_2      4
     sky130_fd_sc_hd__a211o_2      100
     sky130_fd_sc_hd__a211oi_2       4
     sky130_fd_sc_hd__a21bo_2       15
     sky130_fd_sc_hd__a21boi_2       5
     sky130_fd_sc_hd__a21o_2       126
     sky130_fd_sc_hd__a21oi_2      188
     sky130_fd_sc_hd__a221o_2      556
     sky130_fd_sc_hd__a221oi_2       4
     sky130_fd_sc_hd__a22o_2       922
     sky130_fd_sc_hd__a22oi_2        3
     sky130_fd_sc_hd__a2bb2o_2       6
     sky130_fd_sc_hd__a311o_2       10
     sky130_fd_sc_hd__a311oi_2       2
     sky130_fd_sc_hd__a31o_2        61
     sky130_fd_sc_hd__a31oi_2        6
     sky130_fd_sc_hd__a32o_2         7
     sky130_fd_sc_hd__a41o_2         5
     sky130_fd_sc_hd__and2_2       155
     sky130_fd_sc_hd__and2b_2       33
     sky130_fd_sc_hd__and3_2       800
     sky130_fd_sc_hd__and3b_2       11
     sky130_fd_sc_hd__and4_2        25
     sky130_fd_sc_hd__and4b_2        7
     sky130_fd_sc_hd__and4bb_2       7
     sky130_fd_sc_hd__buf_1       2441
     sky130_fd_sc_hd__buf_2          8
     sky130_fd_sc_hd__conb_1        34
     sky130_fd_sc_hd__dfrtp_2     1993
     sky130_fd_sc_hd__inv_2        117
     sky130_fd_sc_hd__mux2_2      2332
     sky130_fd_sc_hd__mux4_2         4
     sky130_fd_sc_hd__nand2_2      147
     sky130_fd_sc_hd__nand2b_2       4
     sky130_fd_sc_hd__nand3_2       11
     sky130_fd_sc_hd__nand3b_2       2
     sky130_fd_sc_hd__nand4_2       10
     sky130_fd_sc_hd__nor2_2       235
     sky130_fd_sc_hd__nor2b_2        1
     sky130_fd_sc_hd__nor3_2        35
     sky130_fd_sc_hd__nor3b_2        5
     sky130_fd_sc_hd__nor4_2        50
     sky130_fd_sc_hd__nor4b_2        2
     sky130_fd_sc_hd__o2111a_2       8
     sky130_fd_sc_hd__o2111ai_2      4
     sky130_fd_sc_hd__o211a_2       43
     sky130_fd_sc_hd__o211ai_2       8
     sky130_fd_sc_hd__o21a_2        89
     sky130_fd_sc_hd__o21ai_2      105
     sky130_fd_sc_hd__o21ba_2       29
     sky130_fd_sc_hd__o21bai_2      22
     sky130_fd_sc_hd__o221a_2       23
     sky130_fd_sc_hd__o221ai_2       1
     sky130_fd_sc_hd__o22a_2        19
     sky130_fd_sc_hd__o22ai_2        1
     sky130_fd_sc_hd__o2bb2a_2       9
     sky130_fd_sc_hd__o311a_2        5
     sky130_fd_sc_hd__o31a_2        32
     sky130_fd_sc_hd__o31ai_2       10
     sky130_fd_sc_hd__o32a_2        16
     sky130_fd_sc_hd__o41a_2         3
     sky130_fd_sc_hd__or2_2        160
     sky130_fd_sc_hd__or2b_2        14
     sky130_fd_sc_hd__or3_2        156
     sky130_fd_sc_hd__or3b_2        21
     sky130_fd_sc_hd__or4_2        213
     sky130_fd_sc_hd__or4b_2        16
     sky130_fd_sc_hd__or4bb_2        5
     sky130_fd_sc_hd__xnor2_2      128
     sky130_fd_sc_hd__xor2_2        47
     sky130_sram_2rw_32x128_32       1
     sky130_sram_2rw_64x128_64       1

   Chip area for module '\cpu': 502182.736800

