
74. Printing statistics.

=== cpu ===

   Number of wires:              14430
   Number of wire bits:          14744
   Number of public wires:        2179
   Number of public wire bits:    2493
   Number of memories:               0
   Number of memory bits:            0
   Number of processes:              0
   Number of cells:              14323
     sky130_fd_sc_hd__a2111o_2      10
     sky130_fd_sc_hd__a2111oi_2     20
     sky130_fd_sc_hd__a211o_2       55
     sky130_fd_sc_hd__a211oi_2      33
     sky130_fd_sc_hd__a21bo_2       11
     sky130_fd_sc_hd__a21boi_2      14
     sky130_fd_sc_hd__a21o_2        89
     sky130_fd_sc_hd__a21oi_2      248
     sky130_fd_sc_hd__a221o_2       50
     sky130_fd_sc_hd__a221oi_2     257
     sky130_fd_sc_hd__a22o_2        27
     sky130_fd_sc_hd__a22oi_2      316
     sky130_fd_sc_hd__a2bb2o_2      35
     sky130_fd_sc_hd__a2bb2oi_2     10
     sky130_fd_sc_hd__a311o_2       17
     sky130_fd_sc_hd__a311oi_2       9
     sky130_fd_sc_hd__a31o_2       222
     sky130_fd_sc_hd__a31oi_2       93
     sky130_fd_sc_hd__a32o_2       428
     sky130_fd_sc_hd__a32oi_2      165
     sky130_fd_sc_hd__a41o_2        22
     sky130_fd_sc_hd__a41oi_2        9
     sky130_fd_sc_hd__and2_2        34
     sky130_fd_sc_hd__and2b_2        9
     sky130_fd_sc_hd__and3_2       172
     sky130_fd_sc_hd__and3b_2       11
     sky130_fd_sc_hd__and4_2       124
     sky130_fd_sc_hd__and4b_2       25
     sky130_fd_sc_hd__and4bb_2       4
     sky130_fd_sc_hd__buf_1       2658
     sky130_fd_sc_hd__buf_2         30
     sky130_fd_sc_hd__conb_1        34
     sky130_fd_sc_hd__dfrtp_2     1993
     sky130_fd_sc_hd__inv_2        323
     sky130_fd_sc_hd__mux2_2      2017
     sky130_fd_sc_hd__nand2_2      604
     sky130_fd_sc_hd__nand2b_2       2
     sky130_fd_sc_hd__nand3_2      262
     sky130_fd_sc_hd__nand3b_2      62
     sky130_fd_sc_hd__nand4_2     1351
     sky130_fd_sc_hd__nand4b_2      73
     sky130_fd_sc_hd__nor2_2       200
     sky130_fd_sc_hd__nor2b_2        2
     sky130_fd_sc_hd__nor3_2       110
     sky130_fd_sc_hd__nor3b_2       13
     sky130_fd_sc_hd__nor4_2        97
     sky130_fd_sc_hd__nor4b_2       14
     sky130_fd_sc_hd__o2111a_2     139
     sky130_fd_sc_hd__o2111ai_2    205
     sky130_fd_sc_hd__o211a_2       93
     sky130_fd_sc_hd__o211ai_2     292
     sky130_fd_sc_hd__o21a_2        46
     sky130_fd_sc_hd__o21ai_2      314
     sky130_fd_sc_hd__o21ba_2        3
     sky130_fd_sc_hd__o21bai_2      25
     sky130_fd_sc_hd__o221a_2       38
     sky130_fd_sc_hd__o221ai_2     105
     sky130_fd_sc_hd__o22a_2        18
     sky130_fd_sc_hd__o22ai_2       39
     sky130_fd_sc_hd__o2bb2a_2      51
     sky130_fd_sc_hd__o2bb2ai_2     60
     sky130_fd_sc_hd__o311a_2       88
     sky130_fd_sc_hd__o311ai_2      19
     sky130_fd_sc_hd__o31a_2        73
     sky130_fd_sc_hd__o31ai_2       32
     sky130_fd_sc_hd__o32a_2        19
     sky130_fd_sc_hd__o32ai_2        7
     sky130_fd_sc_hd__o41a_2         7
     sky130_fd_sc_hd__o41ai_2        2
     sky130_fd_sc_hd__or2_2         39
     sky130_fd_sc_hd__or2b_2         6
     sky130_fd_sc_hd__or3_2         40
     sky130_fd_sc_hd__or3b_2        67
     sky130_fd_sc_hd__or4_2         69
     sky130_fd_sc_hd__or4b_2        28
     sky130_fd_sc_hd__or4bb_2        5
     sky130_fd_sc_hd__xnor2_2       17
     sky130_fd_sc_hd__xor2_2        11
     sky130_sram_2rw_32x128_32       1
     sky130_sram_2rw_64x128_64       1

   Chip area for module '\cpu': 532987.280800

