[INFO]: Preparing LEF files for the nom corner...
[INFO]: Preparing LEF files for the min corner...
[INFO]: Preparing LEF files for the max corner...
[INFO]: Running Synthesis (log: runs/230426-142045_SOLUTION1_simple_program_and_MULT1/logs/synthesis/1-synthesis.log)...
[INFO]: Running Single-Corner Static Timing Analysis (log: runs/230426-142045_SOLUTION1_simple_program_and_MULT1/logs/synthesis/2-sta.log)...
[INFO]: Running Initial Floorplanning (log: runs/230426-142045_SOLUTION1_simple_program_and_MULT1/logs/floorplan/3-initial_fp.log)...
[INFO]: Floorplanned with width 1301.34 and height 1300.16.
[INFO]: Running IO Placement...
[INFO]: Running Global Placement (log: runs/230426-142045_SOLUTION1_simple_program_and_MULT1/logs/placement/5-global.log)...
[INFO]: Running Single-Corner Static Timing Analysis (log: runs/230426-142045_SOLUTION1_simple_program_and_MULT1/logs/placement/6-sta-global.log)...
[INFO]: Running basic macro placement (log: runs/230426-142045_SOLUTION1_simple_program_and_MULT1/logs/placement/7-basic_mp.log)...
[INFO]: Running Tap/Decap Insertion (log: runs/230426-142045_SOLUTION1_simple_program_and_MULT1/logs/floorplan/8-tap.log)...
[INFO]: Power planning with power {vccd1} and ground {vssd1}...
[INFO]: Generating PDN (log: runs/230426-142045_SOLUTION1_simple_program_and_MULT1/logs/floorplan/9-pdn.log)...
[INFO]: Saving current set of views in 'runs/230426-142045_SOLUTION1_simple_program_and_MULT1/results/final'...
[INFO]: Saving runtime environment...
[INFO]: Generating final set of reports...
[INFO]: Created manufacturability report at 'runs/230426-142045_SOLUTION1_simple_program_and_MULT1/reports/manufacturability.rpt'.
[INFO]: Created metrics report at 'runs/230426-142045_SOLUTION1_simple_program_and_MULT1/reports/metrics.csv'.
[WARNING]: There are max slew violations in the design at the typical corner. Please refer to 'runs/230426-142045_SOLUTION1_simple_program_and_MULT1/reports/synthesis/2-syn_sta.slew.rpt'.
[WARNING]: There are max fanout violations in the design at the typical corner. Please refer to 'runs/230426-142045_SOLUTION1_simple_program_and_MULT1/reports/synthesis/2-syn_sta.slew.rpt'.
[WARNING]: There are max capacitance violations in the design at the typical corner. Please refer to 'runs/230426-142045_SOLUTION1_simple_program_and_MULT1/reports/synthesis/2-syn_sta.slew.rpt'.
[INFO]: There are no hold violations in the design at the typical corner.
[INFO]: There are no setup violations in the design at the typical corner.
[SUCCESS]: Flow complete.
[INFO]: Note that the following warnings have been generated:
